<?xml version="1.0" encoding="UTF-8"?>
<!-- Generated by org.testng.reporters.JUnitReportReporter -->
<testsuite skipped="0" hostname="Minhajs-MBP.home" name="com.testrunner.TestRunner" tests="1" failures="0" timestamp="04 Aug 2019 12:08:34 GMT" time="0.176" errors="0">
  <testcase name="feature" time="0.176" classname="com.testrunner.TestRunner"/>
</testsuite> <!-- com.testrunner.TestRunner -->
